2024-02-01T15:29:12.910+05:30  INFO 20953 --- [main] com.hyperface.ems.EmsApplication         : Starting EmsApplication using Java 17.0.9 with PID 20953 (/home/shashank/Hyperface/ems/build/classes/groovy/main started by shashank in /home/shashank/Hyperface/ems)
2024-02-01T15:29:12.928+05:30  INFO 20953 --- [main] com.hyperface.ems.EmsApplication         : No active profile set, falling back to 1 default profile: "default"
2024-02-01T15:29:16.621+05:30  INFO 20953 --- [main] .s.d.r.c.RepositoryConfigurationDelegate : Bootstrapping Spring Data JPA repositories in DEFAULT mode.
2024-02-01T15:29:16.942+05:30  INFO 20953 --- [main] .s.d.r.c.RepositoryConfigurationDelegate : Finished Spring Data repository scanning in 301 ms. Found 4 JPA repository interfaces.
2024-02-01T15:29:18.393+05:30  INFO 20953 --- [main] o.s.b.w.embedded.tomcat.TomcatWebServer  : Tomcat initialized with port 8080 (http)
2024-02-01T15:29:18.415+05:30  INFO 20953 --- [main] o.apache.catalina.core.StandardService   : Starting service [Tomcat]
2024-02-01T15:29:18.416+05:30  INFO 20953 --- [main] o.apache.catalina.core.StandardEngine    : Starting Servlet engine: [Apache Tomcat/10.1.17]
2024-02-01T15:29:18.609+05:30  INFO 20953 --- [main] o.a.c.c.C.[Tomcat].[localhost].[/]       : Initializing Spring embedded WebApplicationContext
2024-02-01T15:29:18.610+05:30  INFO 20953 --- [main] w.s.c.ServletWebServerApplicationContext : Root WebApplicationContext: initialization completed in 4225 ms
2024-02-01T15:29:18.686+05:30  WARN 20953 --- [main] JpaBaseConfiguration$JpaWebConfiguration : spring.jpa.open-in-view is enabled by default. Therefore, database queries may be performed during view rendering. Explicitly configure spring.jpa.open-in-view to disable this warning
2024-02-01T15:29:18.978+05:30  INFO 20953 --- [main] o.hibernate.jpa.internal.util.LogHelper  : HHH000204: Processing PersistenceUnitInfo [name: default]
2024-02-01T15:29:19.250+05:30  INFO 20953 --- [main] org.hibernate.Version                    : HHH000412: Hibernate ORM core version 6.4.1.Final
2024-02-01T15:29:19.311+05:30  INFO 20953 --- [main] o.h.c.internal.RegionFactoryInitiator    : HHH000026: Second-level cache disabled
2024-02-01T15:29:19.915+05:30  INFO 20953 --- [main] o.s.o.j.p.SpringPersistenceUnitInfo      : No LoadTimeWeaver setup: ignoring JPA class transformer
2024-02-01T15:29:19.975+05:30  INFO 20953 --- [main] com.zaxxer.hikari.HikariDataSource       : HikariPool-1 - Starting...
2024-02-01T15:29:21.054+05:30  INFO 20953 --- [main] com.zaxxer.hikari.pool.HikariPool        : HikariPool-1 - Added connection com.mysql.cj.jdbc.ConnectionImpl@66863941
2024-02-01T15:29:21.058+05:30  INFO 20953 --- [main] com.zaxxer.hikari.HikariDataSource       : HikariPool-1 - Start completed.
2024-02-01T15:29:21.359+05:30  WARN 20953 --- [main] org.hibernate.orm.deprecation            : HHH90000025: MySQLDialect does not need to be specified explicitly using 'hibernate.dialect' (remove the property setting and it will be selected by default)
2024-02-01T15:29:22.914+05:30  INFO 20953 --- [main] o.h.m.i.EntityInstantiatorPojoStandard   : HHH000182: No default (no-argument) constructor for class: com.hyperface.ems.model.User (class must be instantiated by Interceptor)
2024-02-01T15:29:23.271+05:30  INFO 20953 --- [main] o.h.e.t.j.p.i.JtaPlatformInitiator       : HHH000489: No JTA platform available (set 'hibernate.transaction.jta.platform' to enable JTA platform integration)
2024-02-01T15:29:23.474+05:30  INFO 20953 --- [main] j.LocalContainerEntityManagerFactoryBean : Initialized JPA EntityManagerFactory for persistence unit 'default'
2024-02-01T15:29:26.246+05:30  INFO 20953 --- [main] o.s.s.web.DefaultSecurityFilterChain     : Will secure any request with [org.springframework.security.web.session.DisableEncodeUrlFilter@ea3491d, org.springframework.security.web.context.request.async.WebAsyncManagerIntegrationFilter@6012bee8, org.springframework.security.web.context.SecurityContextHolderFilter@67c61551, org.springframework.security.web.header.HeaderWriterFilter@276b68af, org.springframework.web.filter.CorsFilter@60b8c05c, org.springframework.security.web.authentication.logout.LogoutFilter@52238861, com.hyperface.ems.filters.JwtAuthFilter@45f70f68, org.springframework.security.web.savedrequest.RequestCacheAwareFilter@6bbff652, org.springframework.security.web.servletapi.SecurityContextHolderAwareRequestFilter@3d72abea, org.springframework.security.web.authentication.AnonymousAuthenticationFilter@62d72091, org.springframework.security.web.session.SessionManagementFilter@475b796d, org.springframework.security.web.access.ExceptionTranslationFilter@62109320, org.springframework.security.web.access.intercept.AuthorizationFilter@75937998]
2024-02-01T15:29:27.998+05:30  INFO 20953 --- [main] o.s.b.w.embedded.tomcat.TomcatWebServer  : Tomcat started on port 8080 (http) with context path ''
2024-02-01T15:29:28.018+05:30  INFO 20953 --- [main] com.hyperface.ems.EmsApplication         : Started EmsApplication in 16.383 seconds (process running for 20.368)
2024-02-01T15:31:20.875+05:30  INFO 20953 --- [http-nio-8080-exec-1] o.a.c.c.C.[Tomcat].[localhost].[/]       : Initializing Spring DispatcherServlet 'dispatcherServlet'
2024-02-01T15:31:20.889+05:30  INFO 20953 --- [http-nio-8080-exec-1] o.s.web.servlet.DispatcherServlet        : Initializing Servlet 'dispatcherServlet'
2024-02-01T15:31:20.892+05:30  INFO 20953 --- [http-nio-8080-exec-1] o.s.web.servlet.DispatcherServlet        : Completed initialization in 2 ms
2024-02-01T15:31:21.189+05:30  INFO 20953 --- [http-nio-8080-exec-1] c.hyperface.ems.filters.LoggingFilter    : Request received - Method: POST, URI: /auth/addUser
2024-02-01T15:31:21.693+05:30  INFO 20953 --- [http-nio-8080-exec-1] c.hyperface.ems.filters.LoggingFilter    : Response status: 500
2024-02-01T15:33:52.990+05:30  INFO 20953 --- [SpringApplicationShutdownHook] j.LocalContainerEntityManagerFactoryBean : Closing JPA EntityManagerFactory for persistence unit 'default'
2024-02-01T15:33:53.140+05:30  INFO 20953 --- [SpringApplicationShutdownHook] com.zaxxer.hikari.HikariDataSource       : HikariPool-1 - Shutdown initiated...
2024-02-01T15:33:53.250+05:30  INFO 20953 --- [SpringApplicationShutdownHook] com.zaxxer.hikari.HikariDataSource       : HikariPool-1 - Shutdown completed.
2024-02-01T15:34:21.504+05:30  INFO 21837 --- [main] com.hyperface.ems.EmsApplication         : Starting EmsApplication using Java 17.0.9 with PID 21837 (/home/shashank/Hyperface/ems/build/classes/groovy/main started by shashank in /home/shashank/Hyperface/ems)
2024-02-01T15:34:21.509+05:30  INFO 21837 --- [main] com.hyperface.ems.EmsApplication         : No active profile set, falling back to 1 default profile: "default"
2024-02-01T15:34:25.476+05:30  INFO 21837 --- [main] .s.d.r.c.RepositoryConfigurationDelegate : Bootstrapping Spring Data JPA repositories in DEFAULT mode.
2024-02-01T15:34:25.893+05:30  INFO 21837 --- [main] .s.d.r.c.RepositoryConfigurationDelegate : Finished Spring Data repository scanning in 401 ms. Found 4 JPA repository interfaces.
2024-02-01T15:34:27.933+05:30  INFO 21837 --- [main] o.s.b.w.embedded.tomcat.TomcatWebServer  : Tomcat initialized with port 8080 (http)
2024-02-01T15:34:28.020+05:30  INFO 21837 --- [main] o.apache.catalina.core.StandardService   : Starting service [Tomcat]
2024-02-01T15:34:28.021+05:30  INFO 21837 --- [main] o.apache.catalina.core.StandardEngine    : Starting Servlet engine: [Apache Tomcat/10.1.17]
2024-02-01T15:34:29.484+05:30  INFO 21837 --- [main] o.a.c.c.C.[Tomcat].[localhost].[/]       : Initializing Spring embedded WebApplicationContext
2024-02-01T15:34:29.484+05:30  INFO 21837 --- [main] w.s.c.ServletWebServerApplicationContext : Root WebApplicationContext: initialization completed in 6733 ms
2024-02-01T15:34:29.584+05:30  WARN 21837 --- [main] JpaBaseConfiguration$JpaWebConfiguration : spring.jpa.open-in-view is enabled by default. Therefore, database queries may be performed during view rendering. Explicitly configure spring.jpa.open-in-view to disable this warning
2024-02-01T15:34:29.965+05:30  INFO 21837 --- [main] o.hibernate.jpa.internal.util.LogHelper  : HHH000204: Processing PersistenceUnitInfo [name: default]
2024-02-01T15:34:30.262+05:30  INFO 21837 --- [main] org.hibernate.Version                    : HHH000412: Hibernate ORM core version 6.4.1.Final
2024-02-01T15:34:30.375+05:30  INFO 21837 --- [main] o.h.c.internal.RegionFactoryInitiator    : HHH000026: Second-level cache disabled
2024-02-01T15:34:31.167+05:30  INFO 21837 --- [main] o.s.o.j.p.SpringPersistenceUnitInfo      : No LoadTimeWeaver setup: ignoring JPA class transformer
2024-02-01T15:34:31.231+05:30  INFO 21837 --- [main] com.zaxxer.hikari.HikariDataSource       : HikariPool-1 - Starting...
2024-02-01T15:34:32.080+05:30  INFO 21837 --- [main] com.zaxxer.hikari.pool.HikariPool        : HikariPool-1 - Added connection com.mysql.cj.jdbc.ConnectionImpl@40ac0a56
2024-02-01T15:34:32.084+05:30  INFO 21837 --- [main] com.zaxxer.hikari.HikariDataSource       : HikariPool-1 - Start completed.
2024-02-01T15:34:32.258+05:30  WARN 21837 --- [main] org.hibernate.orm.deprecation            : HHH90000025: MySQLDialect does not need to be specified explicitly using 'hibernate.dialect' (remove the property setting and it will be selected by default)
2024-02-01T15:34:33.974+05:30  INFO 21837 --- [main] o.h.m.i.EntityInstantiatorPojoStandard   : HHH000182: No default (no-argument) constructor for class: com.hyperface.ems.model.User (class must be instantiated by Interceptor)
2024-02-01T15:34:34.316+05:30  INFO 21837 --- [main] o.h.e.t.j.p.i.JtaPlatformInitiator       : HHH000489: No JTA platform available (set 'hibernate.transaction.jta.platform' to enable JTA platform integration)
2024-02-01T15:34:34.549+05:30  INFO 21837 --- [main] j.LocalContainerEntityManagerFactoryBean : Initialized JPA EntityManagerFactory for persistence unit 'default'
2024-02-01T15:34:36.876+05:30  INFO 21837 --- [main] o.s.s.web.DefaultSecurityFilterChain     : Will secure any request with [org.springframework.security.web.session.DisableEncodeUrlFilter@3fbf66e7, org.springframework.security.web.context.request.async.WebAsyncManagerIntegrationFilter@6abbdcde, org.springframework.security.web.context.SecurityContextHolderFilter@5220e6ff, org.springframework.security.web.header.HeaderWriterFilter@2561d61, org.springframework.web.filter.CorsFilter@41ad6c00, org.springframework.security.web.authentication.logout.LogoutFilter@4feea86f, com.hyperface.ems.filters.JwtAuthFilter@61627c9d, org.springframework.security.web.savedrequest.RequestCacheAwareFilter@75128cf, org.springframework.security.web.servletapi.SecurityContextHolderAwareRequestFilter@33ccab9c, org.springframework.security.web.authentication.AnonymousAuthenticationFilter@2a10407e, org.springframework.security.web.session.SessionManagementFilter@20425fab, org.springframework.security.web.access.ExceptionTranslationFilter@299f9a81, org.springframework.security.web.access.intercept.AuthorizationFilter@72b4ecb2]
2024-02-01T15:34:38.533+05:30  INFO 21837 --- [main] o.s.b.w.embedded.tomcat.TomcatWebServer  : Tomcat started on port 8080 (http) with context path ''
2024-02-01T15:34:38.553+05:30  INFO 21837 --- [main] com.hyperface.ems.EmsApplication         : Started EmsApplication in 18.128 seconds (process running for 19.353)
2024-02-01T15:34:49.025+05:30  INFO 21837 --- [http-nio-8080-exec-1] o.a.c.c.C.[Tomcat].[localhost].[/]       : Initializing Spring DispatcherServlet 'dispatcherServlet'
2024-02-01T15:34:49.026+05:30  INFO 21837 --- [http-nio-8080-exec-1] o.s.web.servlet.DispatcherServlet        : Initializing Servlet 'dispatcherServlet'
2024-02-01T15:34:49.029+05:30  INFO 21837 --- [http-nio-8080-exec-1] o.s.web.servlet.DispatcherServlet        : Completed initialization in 3 ms
2024-02-01T15:34:49.257+05:30  INFO 21837 --- [http-nio-8080-exec-1] c.hyperface.ems.filters.LoggingFilter    : Request received - Method: POST, URI: /auth/addUser
2024-02-01T15:34:49.736+05:30  INFO 21837 --- [http-nio-8080-exec-1] c.hyperface.ems.filters.LoggingFilter    : Response status: 500
2024-02-01T15:35:34.838+05:30  INFO 21837 --- [SpringApplicationShutdownHook] j.LocalContainerEntityManagerFactoryBean : Closing JPA EntityManagerFactory for persistence unit 'default'
2024-02-01T15:35:34.912+05:30  INFO 21837 --- [SpringApplicationShutdownHook] com.zaxxer.hikari.HikariDataSource       : HikariPool-1 - Shutdown initiated...
2024-02-01T15:35:35.078+05:30  INFO 21837 --- [SpringApplicationShutdownHook] com.zaxxer.hikari.HikariDataSource       : HikariPool-1 - Shutdown completed.
2024-02-01T15:36:22.135+05:30  INFO 22413 --- [main] com.hyperface.ems.EmsApplication         : Starting EmsApplication using Java 17.0.9 with PID 22413 (/home/shashank/Hyperface/ems/build/classes/groovy/main started by shashank in /home/shashank/Hyperface/ems)
2024-02-01T15:36:22.151+05:30  INFO 22413 --- [main] com.hyperface.ems.EmsApplication         : No active profile set, falling back to 1 default profile: "default"
2024-02-01T15:36:25.649+05:30  INFO 22413 --- [main] .s.d.r.c.RepositoryConfigurationDelegate : Bootstrapping Spring Data JPA repositories in DEFAULT mode.
2024-02-01T15:36:26.153+05:30  INFO 22413 --- [main] .s.d.r.c.RepositoryConfigurationDelegate : Finished Spring Data repository scanning in 477 ms. Found 4 JPA repository interfaces.
2024-02-01T15:36:27.865+05:30  INFO 22413 --- [main] o.s.b.w.embedded.tomcat.TomcatWebServer  : Tomcat initialized with port 8080 (http)
2024-02-01T15:36:27.895+05:30  INFO 22413 --- [main] o.apache.catalina.core.StandardService   : Starting service [Tomcat]
2024-02-01T15:36:27.896+05:30  INFO 22413 --- [main] o.apache.catalina.core.StandardEngine    : Starting Servlet engine: [Apache Tomcat/10.1.17]
2024-02-01T15:36:28.063+05:30  INFO 22413 --- [main] o.a.c.c.C.[Tomcat].[localhost].[/]       : Initializing Spring embedded WebApplicationContext
2024-02-01T15:36:28.064+05:30  INFO 22413 --- [main] w.s.c.ServletWebServerApplicationContext : Root WebApplicationContext: initialization completed in 4609 ms
2024-02-01T15:36:28.150+05:30  WARN 22413 --- [main] JpaBaseConfiguration$JpaWebConfiguration : spring.jpa.open-in-view is enabled by default. Therefore, database queries may be performed during view rendering. Explicitly configure spring.jpa.open-in-view to disable this warning
2024-02-01T15:36:28.959+05:30  INFO 22413 --- [main] o.hibernate.jpa.internal.util.LogHelper  : HHH000204: Processing PersistenceUnitInfo [name: default]
2024-02-01T15:36:29.468+05:30  INFO 22413 --- [main] org.hibernate.Version                    : HHH000412: Hibernate ORM core version 6.4.1.Final
2024-02-01T15:36:29.535+05:30  INFO 22413 --- [main] o.h.c.internal.RegionFactoryInitiator    : HHH000026: Second-level cache disabled
2024-02-01T15:36:30.251+05:30  INFO 22413 --- [main] o.s.o.j.p.SpringPersistenceUnitInfo      : No LoadTimeWeaver setup: ignoring JPA class transformer
2024-02-01T15:36:30.321+05:30  INFO 22413 --- [main] com.zaxxer.hikari.HikariDataSource       : HikariPool-1 - Starting...
2024-02-01T15:36:30.952+05:30  INFO 22413 --- [main] com.zaxxer.hikari.pool.HikariPool        : HikariPool-1 - Added connection com.mysql.cj.jdbc.ConnectionImpl@5eb2972f
2024-02-01T15:36:30.956+05:30  INFO 22413 --- [main] com.zaxxer.hikari.HikariDataSource       : HikariPool-1 - Start completed.
2024-02-01T15:36:31.089+05:30  WARN 22413 --- [main] org.hibernate.orm.deprecation            : HHH90000025: MySQLDialect does not need to be specified explicitly using 'hibernate.dialect' (remove the property setting and it will be selected by default)
2024-02-01T15:36:32.748+05:30  INFO 22413 --- [main] o.h.m.i.EntityInstantiatorPojoStandard   : HHH000182: No default (no-argument) constructor for class: com.hyperface.ems.model.User (class must be instantiated by Interceptor)
2024-02-01T15:36:33.251+05:30  INFO 22413 --- [main] o.h.e.t.j.p.i.JtaPlatformInitiator       : HHH000489: No JTA platform available (set 'hibernate.transaction.jta.platform' to enable JTA platform integration)
2024-02-01T15:36:33.400+05:30  INFO 22413 --- [main] j.LocalContainerEntityManagerFactoryBean : Initialized JPA EntityManagerFactory for persistence unit 'default'
2024-02-01T15:36:36.341+05:30  INFO 22413 --- [main] o.s.s.web.DefaultSecurityFilterChain     : Will secure any request with [org.springframework.security.web.session.DisableEncodeUrlFilter@3ad5f99, org.springframework.security.web.context.request.async.WebAsyncManagerIntegrationFilter@72b4ecb2, org.springframework.security.web.context.SecurityContextHolderFilter@59da4992, org.springframework.security.web.header.HeaderWriterFilter@63e54c66, org.springframework.web.filter.CorsFilter@457dc809, org.springframework.security.web.authentication.logout.LogoutFilter@45ea6c24, com.hyperface.ems.filters.JwtAuthFilter@34c2e03d, org.springframework.security.web.savedrequest.RequestCacheAwareFilter@71c2cb26, org.springframework.security.web.servletapi.SecurityContextHolderAwareRequestFilter@593db293, org.springframework.security.web.authentication.AnonymousAuthenticationFilter@5687ba39, org.springframework.security.web.session.SessionManagementFilter@6d028c7e, org.springframework.security.web.access.ExceptionTranslationFilter@2c9af700, org.springframework.security.web.access.intercept.AuthorizationFilter@56f4f385]
2024-02-01T15:36:38.549+05:30  INFO 22413 --- [main] o.s.b.w.embedded.tomcat.TomcatWebServer  : Tomcat started on port 8080 (http) with context path ''
2024-02-01T15:36:38.574+05:30  INFO 22413 --- [main] com.hyperface.ems.EmsApplication         : Started EmsApplication in 17.695 seconds (process running for 22.196)
2024-02-01T15:37:06.286+05:30  INFO 22413 --- [http-nio-8080-exec-2] o.a.c.c.C.[Tomcat].[localhost].[/]       : Initializing Spring DispatcherServlet 'dispatcherServlet'
2024-02-01T15:37:06.329+05:30  INFO 22413 --- [http-nio-8080-exec-2] o.s.web.servlet.DispatcherServlet        : Initializing Servlet 'dispatcherServlet'
2024-02-01T15:37:06.332+05:30  INFO 22413 --- [http-nio-8080-exec-2] o.s.web.servlet.DispatcherServlet        : Completed initialization in 2 ms
2024-02-01T15:37:06.685+05:30  INFO 22413 --- [http-nio-8080-exec-2] c.hyperface.ems.filters.LoggingFilter    : Request received - Method: POST, URI: /auth/addUser
2024-02-01T15:37:07.491+05:30  INFO 22413 --- [http-nio-8080-exec-2] c.hyperface.ems.filters.LoggingFilter    : Response status: 500
2024-02-01T15:37:20.508+05:30  INFO 22413 --- [http-nio-8080-exec-4] c.hyperface.ems.filters.LoggingFilter    : Request received - Method: POST, URI: /auth/addUser
2024-02-01T15:37:20.515+05:30  INFO 22413 --- [http-nio-8080-exec-4] c.hyperface.ems.filters.LoggingFilter    : Response status: 500
2024-02-01T15:38:59.504+05:30  INFO 22413 --- [SpringApplicationShutdownHook] j.LocalContainerEntityManagerFactoryBean : Closing JPA EntityManagerFactory for persistence unit 'default'
2024-02-01T15:38:59.575+05:30  INFO 22413 --- [SpringApplicationShutdownHook] com.zaxxer.hikari.HikariDataSource       : HikariPool-1 - Shutdown initiated...
2024-02-01T15:38:59.761+05:30  INFO 22413 --- [SpringApplicationShutdownHook] com.zaxxer.hikari.HikariDataSource       : HikariPool-1 - Shutdown completed.
2024-02-01T15:39:33.948+05:30  INFO 22751 --- [main] com.hyperface.ems.EmsApplication         : Starting EmsApplication using Java 17.0.9 with PID 22751 (/home/shashank/Hyperface/ems/build/classes/groovy/main started by shashank in /home/shashank/Hyperface/ems)
2024-02-01T15:39:33.973+05:30  INFO 22751 --- [main] com.hyperface.ems.EmsApplication         : No active profile set, falling back to 1 default profile: "default"
2024-02-01T15:39:38.202+05:30  INFO 22751 --- [main] .s.d.r.c.RepositoryConfigurationDelegate : Bootstrapping Spring Data JPA repositories in DEFAULT mode.
2024-02-01T15:39:38.537+05:30  INFO 22751 --- [main] .s.d.r.c.RepositoryConfigurationDelegate : Finished Spring Data repository scanning in 319 ms. Found 4 JPA repository interfaces.
2024-02-01T15:39:40.201+05:30  INFO 22751 --- [main] o.s.b.w.embedded.tomcat.TomcatWebServer  : Tomcat initialized with port 8080 (http)
2024-02-01T15:39:40.223+05:30  INFO 22751 --- [main] o.apache.catalina.core.StandardService   : Starting service [Tomcat]
2024-02-01T15:39:40.224+05:30  INFO 22751 --- [main] o.apache.catalina.core.StandardEngine    : Starting Servlet engine: [Apache Tomcat/10.1.17]
2024-02-01T15:39:40.489+05:30  INFO 22751 --- [main] o.a.c.c.C.[Tomcat].[localhost].[/]       : Initializing Spring embedded WebApplicationContext
2024-02-01T15:39:40.490+05:30  INFO 22751 --- [main] w.s.c.ServletWebServerApplicationContext : Root WebApplicationContext: initialization completed in 5158 ms
2024-02-01T15:39:40.575+05:30  WARN 22751 --- [main] JpaBaseConfiguration$JpaWebConfiguration : spring.jpa.open-in-view is enabled by default. Therefore, database queries may be performed during view rendering. Explicitly configure spring.jpa.open-in-view to disable this warning
2024-02-01T15:39:40.903+05:30  INFO 22751 --- [main] o.hibernate.jpa.internal.util.LogHelper  : HHH000204: Processing PersistenceUnitInfo [name: default]
2024-02-01T15:39:41.231+05:30  INFO 22751 --- [main] org.hibernate.Version                    : HHH000412: Hibernate ORM core version 6.4.1.Final
2024-02-01T15:39:41.328+05:30  INFO 22751 --- [main] o.h.c.internal.RegionFactoryInitiator    : HHH000026: Second-level cache disabled
2024-02-01T15:39:42.190+05:30  INFO 22751 --- [main] o.s.o.j.p.SpringPersistenceUnitInfo      : No LoadTimeWeaver setup: ignoring JPA class transformer
2024-02-01T15:39:42.237+05:30  INFO 22751 --- [main] com.zaxxer.hikari.HikariDataSource       : HikariPool-1 - Starting...
2024-02-01T15:39:43.031+05:30  INFO 22751 --- [main] com.zaxxer.hikari.pool.HikariPool        : HikariPool-1 - Added connection com.mysql.cj.jdbc.ConnectionImpl@3a3316b6
2024-02-01T15:39:43.037+05:30  INFO 22751 --- [main] com.zaxxer.hikari.HikariDataSource       : HikariPool-1 - Start completed.
2024-02-01T15:39:43.269+05:30  WARN 22751 --- [main] org.hibernate.orm.deprecation            : HHH90000025: MySQLDialect does not need to be specified explicitly using 'hibernate.dialect' (remove the property setting and it will be selected by default)
2024-02-01T15:39:46.496+05:30  INFO 22751 --- [main] o.h.m.i.EntityInstantiatorPojoStandard   : HHH000182: No default (no-argument) constructor for class: com.hyperface.ems.model.User (class must be instantiated by Interceptor)
2024-02-01T15:39:47.069+05:30  INFO 22751 --- [main] o.h.e.t.j.p.i.JtaPlatformInitiator       : HHH000489: No JTA platform available (set 'hibernate.transaction.jta.platform' to enable JTA platform integration)
2024-02-01T15:39:47.406+05:30  INFO 22751 --- [main] j.LocalContainerEntityManagerFactoryBean : Initialized JPA EntityManagerFactory for persistence unit 'default'
2024-02-01T15:39:51.017+05:30  INFO 22751 --- [main] o.s.s.web.DefaultSecurityFilterChain     : Will secure any request with [org.springframework.security.web.session.DisableEncodeUrlFilter@6abbdcde, org.springframework.security.web.context.request.async.WebAsyncManagerIntegrationFilter@41ad6c00, org.springframework.security.web.context.SecurityContextHolderFilter@602d5417, org.springframework.security.web.header.HeaderWriterFilter@6259d7a0, org.springframework.web.filter.CorsFilter@2a10407e, org.springframework.security.web.authentication.logout.LogoutFilter@6a9c848, com.hyperface.ems.filters.JwtAuthFilter@779cb140, org.springframework.security.web.savedrequest.RequestCacheAwareFilter@33ccab9c, org.springframework.security.web.servletapi.SecurityContextHolderAwareRequestFilter@668ea404, org.springframework.security.web.authentication.AnonymousAuthenticationFilter@6edc8385, org.springframework.security.web.session.SessionManagementFilter@71c2cb26, org.springframework.security.web.access.ExceptionTranslationFilter@4b19ee18, org.springframework.security.web.access.intercept.AuthorizationFilter@457dc809]
2024-02-01T15:39:52.604+05:30  INFO 22751 --- [main] o.s.b.w.embedded.tomcat.TomcatWebServer  : Tomcat started on port 8080 (http) with context path ''
2024-02-01T15:39:52.715+05:30  INFO 22751 --- [main] com.hyperface.ems.EmsApplication         : Started EmsApplication in 20.442 seconds (process running for 23.001)
2024-02-01T15:39:52.770+05:30  INFO 22751 --- [SpringApplicationShutdownHook] j.LocalContainerEntityManagerFactoryBean : Closing JPA EntityManagerFactory for persistence unit 'default'
2024-02-01T15:39:52.775+05:30  INFO 22751 --- [SpringApplicationShutdownHook] com.zaxxer.hikari.HikariDataSource       : HikariPool-1 - Shutdown initiated...
2024-02-01T15:39:52.800+05:30  INFO 22751 --- [SpringApplicationShutdownHook] com.zaxxer.hikari.HikariDataSource       : HikariPool-1 - Shutdown completed.
2024-02-01T15:50:18.764+05:30  INFO 3549 --- [main] com.hyperface.ems.EmsApplication         : Starting EmsApplication using Java 17.0.9 with PID 3549 (/home/shashank/Hyperface/ems/build/classes/groovy/main started by shashank in /home/shashank/Hyperface/ems)
2024-02-01T15:50:18.809+05:30  INFO 3549 --- [main] com.hyperface.ems.EmsApplication         : No active profile set, falling back to 1 default profile: "default"
2024-02-01T15:50:21.669+05:30  INFO 3549 --- [main] .s.d.r.c.RepositoryConfigurationDelegate : Bootstrapping Spring Data JPA repositories in DEFAULT mode.
2024-02-01T15:50:21.995+05:30  INFO 3549 --- [main] .s.d.r.c.RepositoryConfigurationDelegate : Finished Spring Data repository scanning in 309 ms. Found 4 JPA repository interfaces.
2024-02-01T15:50:23.324+05:30  INFO 3549 --- [main] o.s.b.w.embedded.tomcat.TomcatWebServer  : Tomcat initialized with port 8080 (http)
2024-02-01T15:50:23.364+05:30  INFO 3549 --- [main] o.apache.catalina.core.StandardService   : Starting service [Tomcat]
2024-02-01T15:50:23.365+05:30  INFO 3549 --- [main] o.apache.catalina.core.StandardEngine    : Starting Servlet engine: [Apache Tomcat/10.1.17]
2024-02-01T15:50:23.496+05:30  INFO 3549 --- [main] o.a.c.c.C.[Tomcat].[localhost].[/]       : Initializing Spring embedded WebApplicationContext
2024-02-01T15:50:23.498+05:30  INFO 3549 --- [main] w.s.c.ServletWebServerApplicationContext : Root WebApplicationContext: initialization completed in 4002 ms
2024-02-01T15:50:23.573+05:30  WARN 3549 --- [main] JpaBaseConfiguration$JpaWebConfiguration : spring.jpa.open-in-view is enabled by default. Therefore, database queries may be performed during view rendering. Explicitly configure spring.jpa.open-in-view to disable this warning
2024-02-01T15:50:23.923+05:30  INFO 3549 --- [main] o.hibernate.jpa.internal.util.LogHelper  : HHH000204: Processing PersistenceUnitInfo [name: default]
2024-02-01T15:50:24.220+05:30  INFO 3549 --- [main] org.hibernate.Version                    : HHH000412: Hibernate ORM core version 6.4.1.Final
2024-02-01T15:50:24.308+05:30  INFO 3549 --- [main] o.h.c.internal.RegionFactoryInitiator    : HHH000026: Second-level cache disabled
2024-02-01T15:50:25.167+05:30  INFO 3549 --- [main] o.s.o.j.p.SpringPersistenceUnitInfo      : No LoadTimeWeaver setup: ignoring JPA class transformer
2024-02-01T15:50:25.228+05:30  INFO 3549 --- [main] com.zaxxer.hikari.HikariDataSource       : HikariPool-1 - Starting...
2024-02-01T15:50:25.992+05:30  INFO 3549 --- [main] com.zaxxer.hikari.pool.HikariPool        : HikariPool-1 - Added connection com.mysql.cj.jdbc.ConnectionImpl@3ee258
2024-02-01T15:50:25.995+05:30  INFO 3549 --- [main] com.zaxxer.hikari.HikariDataSource       : HikariPool-1 - Start completed.
2024-02-01T15:50:26.120+05:30  WARN 3549 --- [main] org.hibernate.orm.deprecation            : HHH90000025: MySQLDialect does not need to be specified explicitly using 'hibernate.dialect' (remove the property setting and it will be selected by default)
2024-02-01T15:50:28.264+05:30  INFO 3549 --- [main] o.h.e.t.j.p.i.JtaPlatformInitiator       : HHH000489: No JTA platform available (set 'hibernate.transaction.jta.platform' to enable JTA platform integration)
2024-02-01T15:50:28.427+05:30  INFO 3549 --- [main] j.LocalContainerEntityManagerFactoryBean : Initialized JPA EntityManagerFactory for persistence unit 'default'
2024-02-01T15:50:30.591+05:30  INFO 3549 --- [main] o.s.s.web.DefaultSecurityFilterChain     : Will secure any request with [org.springframework.security.web.session.DisableEncodeUrlFilter@51f31fad, org.springframework.security.web.context.request.async.WebAsyncManagerIntegrationFilter@7976d382, org.springframework.security.web.context.SecurityContextHolderFilter@5246453e, org.springframework.security.web.header.HeaderWriterFilter@33a39d7e, org.springframework.web.filter.CorsFilter@59f36439, org.springframework.security.web.authentication.logout.LogoutFilter@7e092ca, com.hyperface.ems.filters.JwtAuthFilter@14091e24, org.springframework.security.web.savedrequest.RequestCacheAwareFilter@4b19ee18, org.springframework.security.web.servletapi.SecurityContextHolderAwareRequestFilter@2561d61, org.springframework.security.web.authentication.AnonymousAuthenticationFilter@4feea86f, org.springframework.security.web.session.SessionManagementFilter@2c9af700, org.springframework.security.web.access.ExceptionTranslationFilter@3119fcad, org.springframework.security.web.access.intercept.AuthorizationFilter@3d72abea]
2024-02-01T15:50:31.771+05:30  INFO 3549 --- [main] o.s.b.w.embedded.tomcat.TomcatWebServer  : Tomcat started on port 8080 (http) with context path ''
2024-02-01T15:50:31.791+05:30  INFO 3549 --- [main] com.hyperface.ems.EmsApplication         : Started EmsApplication in 14.135 seconds (process running for 15.478)
2024-02-01T15:51:12.561+05:30  INFO 3549 --- [SpringApplicationShutdownHook] j.LocalContainerEntityManagerFactoryBean : Closing JPA EntityManagerFactory for persistence unit 'default'
2024-02-01T15:51:12.573+05:30  INFO 3549 --- [SpringApplicationShutdownHook] com.zaxxer.hikari.HikariDataSource       : HikariPool-1 - Shutdown initiated...
2024-02-01T15:51:12.632+05:30  INFO 3549 --- [SpringApplicationShutdownHook] com.zaxxer.hikari.HikariDataSource       : HikariPool-1 - Shutdown completed.
2024-02-01T16:00:07.385+05:30  INFO 4133 --- [main] com.hyperface.ems.EmsApplication         : Starting EmsApplication using Java 17.0.9 with PID 4133 (/home/shashank/Hyperface/ems/build/classes/groovy/main started by shashank in /home/shashank/Hyperface/ems)
2024-02-01T16:00:07.390+05:30  INFO 4133 --- [main] com.hyperface.ems.EmsApplication         : No active profile set, falling back to 1 default profile: "default"
2024-02-01T16:00:10.524+05:30  INFO 4133 --- [main] .s.d.r.c.RepositoryConfigurationDelegate : Bootstrapping Spring Data JPA repositories in DEFAULT mode.
2024-02-01T16:00:10.879+05:30  INFO 4133 --- [main] .s.d.r.c.RepositoryConfigurationDelegate : Finished Spring Data repository scanning in 338 ms. Found 4 JPA repository interfaces.
2024-02-01T16:00:12.361+05:30  INFO 4133 --- [main] o.s.b.w.embedded.tomcat.TomcatWebServer  : Tomcat initialized with port 8080 (http)
2024-02-01T16:00:12.391+05:30  INFO 4133 --- [main] o.apache.catalina.core.StandardService   : Starting service [Tomcat]
2024-02-01T16:00:12.392+05:30  INFO 4133 --- [main] o.apache.catalina.core.StandardEngine    : Starting Servlet engine: [Apache Tomcat/10.1.17]
2024-02-01T16:00:12.528+05:30  INFO 4133 --- [main] o.a.c.c.C.[Tomcat].[localhost].[/]       : Initializing Spring embedded WebApplicationContext
2024-02-01T16:00:12.529+05:30  INFO 4133 --- [main] w.s.c.ServletWebServerApplicationContext : Root WebApplicationContext: initialization completed in 4192 ms
2024-02-01T16:00:12.625+05:30  WARN 4133 --- [main] JpaBaseConfiguration$JpaWebConfiguration : spring.jpa.open-in-view is enabled by default. Therefore, database queries may be performed during view rendering. Explicitly configure spring.jpa.open-in-view to disable this warning
2024-02-01T16:00:12.936+05:30  INFO 4133 --- [main] o.hibernate.jpa.internal.util.LogHelper  : HHH000204: Processing PersistenceUnitInfo [name: default]
2024-02-01T16:00:13.253+05:30  INFO 4133 --- [main] org.hibernate.Version                    : HHH000412: Hibernate ORM core version 6.4.1.Final
2024-02-01T16:00:13.357+05:30  INFO 4133 --- [main] o.h.c.internal.RegionFactoryInitiator    : HHH000026: Second-level cache disabled
2024-02-01T16:00:14.085+05:30  INFO 4133 --- [main] o.s.o.j.p.SpringPersistenceUnitInfo      : No LoadTimeWeaver setup: ignoring JPA class transformer
2024-02-01T16:00:14.158+05:30  INFO 4133 --- [main] com.zaxxer.hikari.HikariDataSource       : HikariPool-1 - Starting...
2024-02-01T16:00:14.626+05:30  INFO 4133 --- [main] com.zaxxer.hikari.pool.HikariPool        : HikariPool-1 - Added connection com.mysql.cj.jdbc.ConnectionImpl@3a3316b6
2024-02-01T16:00:14.630+05:30  INFO 4133 --- [main] com.zaxxer.hikari.HikariDataSource       : HikariPool-1 - Start completed.
2024-02-01T16:00:14.764+05:30  WARN 4133 --- [main] org.hibernate.orm.deprecation            : HHH90000025: MySQLDialect does not need to be specified explicitly using 'hibernate.dialect' (remove the property setting and it will be selected by default)
2024-02-01T16:00:16.606+05:30  INFO 4133 --- [main] o.h.e.t.j.p.i.JtaPlatformInitiator       : HHH000489: No JTA platform available (set 'hibernate.transaction.jta.platform' to enable JTA platform integration)
2024-02-01T16:00:16.805+05:30  INFO 4133 --- [main] j.LocalContainerEntityManagerFactoryBean : Initialized JPA EntityManagerFactory for persistence unit 'default'
2024-02-01T16:00:19.235+05:30  INFO 4133 --- [main] o.s.s.web.DefaultSecurityFilterChain     : Will secure any request with [org.springframework.security.web.session.DisableEncodeUrlFilter@457dc809, org.springframework.security.web.context.request.async.WebAsyncManagerIntegrationFilter@5687ba39, org.springframework.security.web.context.SecurityContextHolderFilter@71c2cb26, org.springframework.security.web.header.HeaderWriterFilter@299f9a81, org.springframework.web.filter.CorsFilter@3fbf66e7, org.springframework.security.web.authentication.logout.LogoutFilter@7976d382, com.hyperface.ems.filters.JwtAuthFilter@779cb140, org.springframework.security.web.savedrequest.RequestCacheAwareFilter@5220e6ff, org.springframework.security.web.servletapi.SecurityContextHolderAwareRequestFilter@602d5417, org.springframework.security.web.authentication.AnonymousAuthenticationFilter@6abbdcde, org.springframework.security.web.session.SessionManagementFilter@1a16583d, org.springframework.security.web.access.ExceptionTranslationFilter@63e54c66, org.springframework.security.web.access.intercept.AuthorizationFilter@18f1631c]
2024-02-01T16:00:20.513+05:30  INFO 4133 --- [main] o.s.b.w.embedded.tomcat.TomcatWebServer  : Tomcat started on port 8080 (http) with context path ''
2024-02-01T16:00:20.536+05:30  INFO 4133 --- [main] com.hyperface.ems.EmsApplication         : Started EmsApplication in 14.517 seconds (process running for 17.576)
2024-02-01T16:00:30.500+05:30  INFO 4133 --- [http-nio-8080-exec-2] o.a.c.c.C.[Tomcat].[localhost].[/]       : Initializing Spring DispatcherServlet 'dispatcherServlet'
2024-02-01T16:00:30.501+05:30  INFO 4133 --- [http-nio-8080-exec-2] o.s.web.servlet.DispatcherServlet        : Initializing Servlet 'dispatcherServlet'
2024-02-01T16:00:30.504+05:30  INFO 4133 --- [http-nio-8080-exec-2] o.s.web.servlet.DispatcherServlet        : Completed initialization in 2 ms
2024-02-01T16:00:30.566+05:30  INFO 4133 --- [http-nio-8080-exec-2] c.hyperface.ems.filters.LoggingFilter    : Request received - Method: POST, URI: /auth/addUser
2024-02-01T16:00:31.307+05:30  INFO 4133 --- [http-nio-8080-exec-2] c.hyperface.ems.filters.LoggingFilter    : Response status: 200
2024-02-01T16:01:21.790+05:30  INFO 4133 --- [http-nio-8080-exec-3] c.hyperface.ems.filters.LoggingFilter    : Request received - Method: POST, URI: /auth/generateToken
2024-02-01T16:01:22.253+05:30  INFO 4133 --- [http-nio-8080-exec-3] c.hyperface.ems.filters.LoggingFilter    : Response status: 401
2024-02-01T16:02:26.970+05:30  INFO 4133 --- [http-nio-8080-exec-5] c.hyperface.ems.filters.LoggingFilter    : Request received - Method: POST, URI: /auth/generateToken
2024-02-01T16:02:27.551+05:30  INFO 4133 --- [http-nio-8080-exec-5] c.hyperface.ems.filters.LoggingFilter    : Response status: 200
2024-02-01T16:18:46.107+05:30  INFO 4133 --- [http-nio-8080-exec-9] c.hyperface.ems.filters.LoggingFilter    : Request received - Method: GET, URI: /api/dept/getEmployees/1
2024-02-01T16:18:46.735+05:30  INFO 4133 --- [http-nio-8080-exec-9] c.hyperface.ems.filters.LoggingFilter    : Response status: 404
2024-02-01T16:19:01.706+05:30  INFO 4133 --- [http-nio-8080-exec-10] c.hyperface.ems.filters.LoggingFilter    : Request received - Method: GET, URI: /api/employee/1
2024-02-01T16:19:01.713+05:30  INFO 4133 --- [http-nio-8080-exec-10] c.hyperface.ems.filters.LoggingFilter    : Response status: 500
2024-02-01T16:19:44.537+05:30  INFO 4133 --- [http-nio-8080-exec-2] c.hyperface.ems.filters.LoggingFilter    : Request received - Method: GET, URI: /api/employee/getAll
2024-02-01T16:19:44.783+05:30  INFO 4133 --- [http-nio-8080-exec-2] c.hyperface.ems.filters.LoggingFilter    : Response status: 200
2024-02-01T16:19:48.512+05:30  INFO 4133 --- [http-nio-8080-exec-3] c.hyperface.ems.filters.LoggingFilter    : Request received - Method: GET, URI: /api/employee/1
2024-02-01T16:19:48.518+05:30  INFO 4133 --- [http-nio-8080-exec-3] c.hyperface.ems.filters.LoggingFilter    : Response status: 500
2024-02-01T16:20:19.233+05:30  INFO 4133 --- [http-nio-8080-exec-6] c.hyperface.ems.filters.LoggingFilter    : Request received - Method: GET, URI: /api/dept/1
2024-02-01T16:20:19.245+05:30  INFO 4133 --- [http-nio-8080-exec-6] c.hyperface.ems.filters.LoggingFilter    : Response status: 500
2024-02-01T16:20:38.798+05:30  INFO 4133 --- [http-nio-8080-exec-7] c.hyperface.ems.filters.LoggingFilter    : Request received - Method: GET, URI: /api/dept/getProjects/1
2024-02-01T16:20:38.810+05:30  INFO 4133 --- [http-nio-8080-exec-7] c.hyperface.ems.filters.LoggingFilter    : Response status: 404
2024-02-01T16:21:01.964+05:30  INFO 4133 --- [http-nio-8080-exec-8] c.hyperface.ems.filters.LoggingFilter    : Request received - Method: GET, URI: /api/dept/getProjects/2
2024-02-01T16:21:02.171+05:30  INFO 4133 --- [http-nio-8080-exec-8] c.hyperface.ems.filters.LoggingFilter    : Response status: 200
2024-02-01T16:21:11.793+05:30  INFO 4133 --- [http-nio-8080-exec-9] c.hyperface.ems.filters.LoggingFilter    : Request received - Method: GET, URI: /api/employee/2
2024-02-01T16:21:11.799+05:30  INFO 4133 --- [http-nio-8080-exec-9] c.hyperface.ems.filters.LoggingFilter    : Response status: 500
2024-02-01T16:23:32.797+05:30  INFO 4133 --- [SpringApplicationShutdownHook] j.LocalContainerEntityManagerFactoryBean : Closing JPA EntityManagerFactory for persistence unit 'default'
2024-02-01T16:23:32.830+05:30  INFO 4133 --- [SpringApplicationShutdownHook] com.zaxxer.hikari.HikariDataSource       : HikariPool-1 - Shutdown initiated...
2024-02-01T16:23:32.999+05:30  INFO 4133 --- [SpringApplicationShutdownHook] com.zaxxer.hikari.HikariDataSource       : HikariPool-1 - Shutdown completed.
2024-02-01T16:55:25.189+05:30  INFO 13935 --- [main] com.hyperface.ems.EmsApplication         : Starting EmsApplication using Java 17.0.9 with PID 13935 (/home/shashank/Hyperface/ems/build/classes/groovy/main started by shashank in /home/shashank/Hyperface/ems)
2024-02-01T16:55:25.231+05:30  INFO 13935 --- [main] com.hyperface.ems.EmsApplication         : No active profile set, falling back to 1 default profile: "default"
2024-02-01T16:55:27.629+05:30  INFO 13935 --- [main] .s.d.r.c.RepositoryConfigurationDelegate : Bootstrapping Spring Data JPA repositories in DEFAULT mode.
2024-02-01T16:55:27.881+05:30  INFO 13935 --- [main] .s.d.r.c.RepositoryConfigurationDelegate : Finished Spring Data repository scanning in 237 ms. Found 4 JPA repository interfaces.
2024-02-01T16:55:29.081+05:30  INFO 13935 --- [main] o.s.b.w.embedded.tomcat.TomcatWebServer  : Tomcat initialized with port 8080 (http)
2024-02-01T16:55:29.119+05:30  INFO 13935 --- [main] o.apache.catalina.core.StandardService   : Starting service [Tomcat]
2024-02-01T16:55:29.120+05:30  INFO 13935 --- [main] o.apache.catalina.core.StandardEngine    : Starting Servlet engine: [Apache Tomcat/10.1.17]
2024-02-01T16:55:29.279+05:30  INFO 13935 --- [main] o.a.c.c.C.[Tomcat].[localhost].[/]       : Initializing Spring embedded WebApplicationContext
2024-02-01T16:55:29.281+05:30  INFO 13935 --- [main] w.s.c.ServletWebServerApplicationContext : Root WebApplicationContext: initialization completed in 3277 ms
2024-02-01T16:55:29.384+05:30  WARN 13935 --- [main] JpaBaseConfiguration$JpaWebConfiguration : spring.jpa.open-in-view is enabled by default. Therefore, database queries may be performed during view rendering. Explicitly configure spring.jpa.open-in-view to disable this warning
2024-02-01T16:55:29.632+05:30  INFO 13935 --- [main] o.hibernate.jpa.internal.util.LogHelper  : HHH000204: Processing PersistenceUnitInfo [name: default]
2024-02-01T16:55:29.786+05:30  INFO 13935 --- [main] org.hibernate.Version                    : HHH000412: Hibernate ORM core version 6.4.1.Final
2024-02-01T16:55:29.855+05:30  INFO 13935 --- [main] o.h.c.internal.RegionFactoryInitiator    : HHH000026: Second-level cache disabled
2024-02-01T16:55:30.311+05:30  INFO 13935 --- [main] o.s.o.j.p.SpringPersistenceUnitInfo      : No LoadTimeWeaver setup: ignoring JPA class transformer
2024-02-01T16:55:30.360+05:30  INFO 13935 --- [main] com.zaxxer.hikari.HikariDataSource       : HikariPool-1 - Starting...
2024-02-01T16:55:31.347+05:30  INFO 13935 --- [main] com.zaxxer.hikari.pool.HikariPool        : HikariPool-1 - Added connection com.mysql.cj.jdbc.ConnectionImpl@29699283
2024-02-01T16:55:31.351+05:30  INFO 13935 --- [main] com.zaxxer.hikari.HikariDataSource       : HikariPool-1 - Start completed.
2024-02-01T16:55:31.494+05:30  WARN 13935 --- [main] org.hibernate.orm.deprecation            : HHH90000025: MySQLDialect does not need to be specified explicitly using 'hibernate.dialect' (remove the property setting and it will be selected by default)
2024-02-01T16:55:33.301+05:30  INFO 13935 --- [main] o.h.e.t.j.p.i.JtaPlatformInitiator       : HHH000489: No JTA platform available (set 'hibernate.transaction.jta.platform' to enable JTA platform integration)
2024-02-01T16:55:33.524+05:30  INFO 13935 --- [main] j.LocalContainerEntityManagerFactoryBean : Initialized JPA EntityManagerFactory for persistence unit 'default'
2024-02-01T16:55:35.217+05:30  INFO 13935 --- [main] o.s.s.web.DefaultSecurityFilterChain     : Will secure any request with [org.springframework.security.web.session.DisableEncodeUrlFilter@6a9c848, org.springframework.security.web.context.request.async.WebAsyncManagerIntegrationFilter@498cf1dc, org.springframework.security.web.context.SecurityContextHolderFilter@6259d7a0, org.springframework.security.web.header.HeaderWriterFilter@4b9a1be5, org.springframework.web.filter.CorsFilter@b9c8678, org.springframework.security.web.authentication.logout.LogoutFilter@6421e9e7, com.hyperface.ems.filters.JwtAuthFilter@34c2e03d, org.springframework.security.web.savedrequest.RequestCacheAwareFilter@33aa4326, org.springframework.security.web.servletapi.SecurityContextHolderAwareRequestFilter@125ed27, org.springframework.security.web.authentication.AnonymousAuthenticationFilter@318beab4, org.springframework.security.web.session.SessionManagementFilter@299f9a81, org.springframework.security.web.access.ExceptionTranslationFilter@94f79a7, org.springframework.security.web.access.intercept.AuthorizationFilter@7976d382]
2024-02-01T16:55:36.352+05:30  INFO 13935 --- [main] o.s.b.w.embedded.tomcat.TomcatWebServer  : Tomcat started on port 8080 (http) with context path ''
2024-02-01T16:55:36.371+05:30  INFO 13935 --- [main] com.hyperface.ems.EmsApplication         : Started EmsApplication in 12.067 seconds (process running for 12.745)
2024-02-01T16:55:42.533+05:30  INFO 13935 --- [http-nio-8080-exec-1] o.a.c.c.C.[Tomcat].[localhost].[/]       : Initializing Spring DispatcherServlet 'dispatcherServlet'
2024-02-01T16:55:42.534+05:30  INFO 13935 --- [http-nio-8080-exec-1] o.s.web.servlet.DispatcherServlet        : Initializing Servlet 'dispatcherServlet'
2024-02-01T16:55:42.537+05:30  INFO 13935 --- [http-nio-8080-exec-1] o.s.web.servlet.DispatcherServlet        : Completed initialization in 2 ms
2024-02-01T16:55:42.583+05:30  INFO 13935 --- [http-nio-8080-exec-1] c.hyperface.ems.filters.LoggingFilter    : Request received - Method: POST, URI: /auth/generateToken
2024-02-01T16:55:43.793+05:30  INFO 13935 --- [http-nio-8080-exec-1] c.hyperface.ems.filters.LoggingFilter    : Response status: 200
2024-02-01T16:56:09.961+05:30  INFO 13935 --- [http-nio-8080-exec-3] c.hyperface.ems.filters.LoggingFilter    : Request received - Method: POST, URI: /api/dept/create
2024-02-01T16:56:10.103+05:30  INFO 13935 --- [http-nio-8080-exec-3] c.hyperface.ems.filters.LoggingFilter    : Response status: 401
2024-02-01T17:01:09.529+05:30  INFO 13935 --- [SpringApplicationShutdownHook] j.LocalContainerEntityManagerFactoryBean : Closing JPA EntityManagerFactory for persistence unit 'default'
2024-02-01T17:01:09.536+05:30  INFO 13935 --- [SpringApplicationShutdownHook] com.zaxxer.hikari.HikariDataSource       : HikariPool-1 - Shutdown initiated...
2024-02-01T17:01:09.554+05:30  INFO 13935 --- [SpringApplicationShutdownHook] com.zaxxer.hikari.HikariDataSource       : HikariPool-1 - Shutdown completed.
